0 info it worked if it ends with ok
1 verbose cli [ '/usr/local/bin/node', '/usr/local/bin/npm', 'run', 'ci' ]
2 info using npm@3.8.6
3 info using node@v5.6.0
4 verbose run-script [ 'preci', 'ci', 'postci' ]
5 info lifecycle travis-test@1.0.0~preci: travis-test@1.0.0
6 silly lifecycle travis-test@1.0.0~preci: no script for preci, continuing
7 info lifecycle travis-test@1.0.0~ci: travis-test@1.0.0
8 verbose lifecycle travis-test@1.0.0~ci: unsafe-perm in lifecycle true
9 verbose lifecycle travis-test@1.0.0~ci: PATH: /usr/local/lib/node_modules/npm/bin/node-gyp-bin:/Users/JeffHome/Desktop/travis/node_modules/.bin:/usr/local/bin:/usr/local/bin:/usr/bin:/bin:/usr/sbin:/sbin
10 verbose lifecycle travis-test@1.0.0~ci: CWD: /Users/JeffHome/Desktop/travis
11 silly lifecycle travis-test@1.0.0~ci: Args: [ '-c', 'node test.js' ]
12 silly lifecycle travis-test@1.0.0~ci: Returned: code: 1  signal: null
13 info lifecycle travis-test@1.0.0~ci: Failed to exec ci script
14 verbose stack Error: travis-test@1.0.0 ci: `node test.js`
14 verbose stack Exit status 1
14 verbose stack     at EventEmitter.<anonymous> (/usr/local/lib/node_modules/npm/lib/utils/lifecycle.js:239:16)
14 verbose stack     at emitTwo (events.js:100:13)
14 verbose stack     at EventEmitter.emit (events.js:185:7)
14 verbose stack     at ChildProcess.<anonymous> (/usr/local/lib/node_modules/npm/lib/utils/spawn.js:24:14)
14 verbose stack     at emitTwo (events.js:100:13)
14 verbose stack     at ChildProcess.emit (events.js:185:7)
14 verbose stack     at maybeClose (internal/child_process.js:827:16)
14 verbose stack     at Process.ChildProcess._handle.onexit (internal/child_process.js:211:5)
15 verbose pkgid travis-test@1.0.0
16 verbose cwd /Users/JeffHome/Desktop/travis
17 error Darwin 15.5.0
18 error argv "/usr/local/bin/node" "/usr/local/bin/npm" "run" "ci"
19 error node v5.6.0
20 error npm  v3.8.6
21 error code ELIFECYCLE
22 error travis-test@1.0.0 ci: `node test.js`
22 error Exit status 1
23 error Failed at the travis-test@1.0.0 ci script 'node test.js'.
23 error Make sure you have the latest version of node.js and npm installed.
23 error If you do, this is most likely a problem with the travis-test package,
23 error not with npm itself.
23 error Tell the author that this fails on your system:
23 error     node test.js
23 error You can get information on how to open an issue for this project with:
23 error     npm bugs travis-test
23 error Or if that isn't available, you can get their info via:
23 error     npm owner ls travis-test
23 error There is likely additional logging output above.
24 verbose exit [ 1, true ]
